Number of Games Played : 1
Guess distribution : [5]
Win % : 100.0


Number of Games Played : 2
Guess distribution : [5, 'Unsuccessful']
Win % : 50.0

Number of Games Played : 1
Guess distribution : ['Unsuccessful']
Win % : 0.0

Number of Games Played : 1
Guess distribution : ['Unsuccessful']
Win % : 0.0

Number of Games Played : 1
Guess distribution : ['Unsuccessful']
Win % : 0.0

Number of Games Played : 2
Guess distribution : ['Unsuccessful', 'Unsuccessful']
Win % : 0.0

Number of Games Played : 1
Guess distribution : [1]
Win % : 100.0

Number of Games Played : 1
Guess distribution : [1]
Win % : 100.0

Number of Games Played : 1
Guess distribution : [1]
Win % : 100.0

Number of Games Played : 1
Guess distribution : [1]
Win % : 100.0

Number of Games Played : 2
Guess distribution : [1, 'Unsuccessful']
Win % : 50.0

Number of Games Played : 3
Guess distribution : [1, 'Unsuccessful', 'Unsuccessful']
Win % : 33.33333333333333

Number of Games Played : 4
Guess distribution : [1, 'Unsuccessful', 'Unsuccessful', 'Unsuccessful']
Win % : 25.0

Number of Games Played : 1
Guess distribution : ['Unsuccessful']
Win % : 0.0

Number of Games Played : 1
Guess distribution : ['Unsuccessful']
Win % : 0.0

Number of Games Played : 1
Guess distribution : ['Unsuccessful']
Win % : 0.0

Number of Games Played : 0
Guess distribution : []
Number of Games Played : 0
Guess distribution : []
Win % : 0

Number of Games Played : 1
Guess distribution : ['Unsuccessful']
Win % : 0.0

Number of Games Played : 1
Guess distribution : ['Unsuccessful']
Win % : 0.0

Number of Games Played : 1
Guess distribution : ['Unsuccessful']
Win % : 0.0

Number of Games Played : 1
Guess distribution : ['Unsuccessful']
Win % : 0.0

Number of Games Played : 1
Guess distribution : ['Unsuccessful']
Win % : 0.0

Number of Games Played : 1
Guess distribution : ['Unsuccessful']
Win % : 0.0

Number of Games Played : 1
Guess distribution : [1]
Win % : 100.0

Number of Games Played : 2
Guess distribution : [1, 1]
Win % : 100.0

Number of Games Played : 3
Guess distribution : [1, 1, 1]
Win % : 100.0

Number of Games Played : 4
Guess distribution : [1, 1, 1, 'Unsuccessful']
Win % : 75.0

Number of Games Played : 1
Guess distribution : [1]
Win % : 100.0

Number of Games Played : 2
Guess distribution : [1, 1]
Win % : 100.0

Number of Games Played : 2
Guess distribution : [1, 1]
Win % : 100.0

Number of Games Played : 0
Guess distribution : []
Win % : 0

Number of Games Played : 1
Guess distribution : [1]
Win % : 100.0

Number of Games Played : 2
Guess distribution : [1, 1]
Win % : 100.0

Number of Games Played : 3
Guess distribution : [1, 1, 1]
Win % : 100.0

Number of Games Played : 3
Guess distribution : [1, 1, 1]
Win % : 100.0

<<<<<<< HEAD
=======
Number of Games Played : 1
Guess distribution : [1]
Win % : 100.0

Number of Games Played : 2
Guess distribution : [1, 1]
Win % : 100.0

Number of Games Played : 3
Guess distribution : [1, 1, 1]
Win % : 100.0

Number of Games Played : 3
Guess distribution : [1, 1, 1]
Win % : 100.0

Number of Games Played : 1
Guess distribution : [2]
Win % : 100.0

Number of Games Played : 1
Guess distribution : [2]
Win % : 100.0

Number of Games Played : 1
Guess distribution : [1]
Win % : 100.0

Number of Games Played : 1
Guess distribution : [1]
Win % : 100.0

Number of Games Played : 1
Guess distribution : [1]
Win % : 100.0

Number of Games Played : 1
Guess distribution : [1]
Win % : 100.0

Number of Games Played : 0
Guess distribution : []
Win % : 0

Number of Games Played : 0
Guess distribution : []
Win % : 0

Number of Games Played : 0
Guess distribution : []
Win % : 0

Number of Games Played : 1
Guess distribution : ['Unsuccessful']
Win % : 0.0

Number of Games Played : 1
Guess distribution : ['Unsuccessful']
Win % : 0.0

Number of Games Played : 2
Guess distribution : ['Unsuccessful', 1]
Win % : 50.0

Number of Games Played : 3
Guess distribution : ['Unsuccessful', 1, 2]
Win % : 66.66666666666666

Number of Games Played : 3
Guess distribution : ['Unsuccessful', 1, 2]
Win % : 66.66666666666666

>>>>>>> main
Number of Games Played : 0
Guess distribution : []
Win % : 0

Number of Games Played : 0
Guess distribution : []
Win % : 0

Number of Games Played : 0
Guess distribution : []
Win % : 0

Number of Games Played : 0
Guess distribution : []
Win % : 0

Number of Games Played : 0
Guess distribution : []
Win % : 0

Number of Games Played : 0
Guess distribution : []
Win % : 0

Number of Games Played : 1
Guess distribution : [3]
Win % : 100.0

Number of Games Played : 2
Guess distribution : [3, 3]
Win % : 100.0

Number of Games Played : 2
Guess distribution : [3, 3]
Win % : 100.0

Number of Games Played : 1
Guess distribution : [5]
Win % : 100.0

Number of Games Played : 2
Guess distribution : [5, 4]
Win % : 100.0

Number of Games Played : 3
Guess distribution : [5, 4, 4]
Win % : 100.0

Number of Games Played : 4
Guess distribution : [5, 4, 4, 4]
Win % : 100.0

Number of Games Played : 4
Guess distribution : [5, 4, 4, 4]
Win % : 100.0

Number of Games Played : 0
Guess distribution : []
Win % : 0

Number of Games Played : 0
Guess distribution : []
Win % : 0

Number of Games Played : 0
Guess distribution : []
Win % : 0

Number of Games Played : 0
Guess distribution : []
Win % : 0

Number of Games Played : 1
Guess distribution : [3]
Win % : 100.0

Number of Games Played : 1
Guess distribution : [3]
Win % : 100.0

Number of Games Played : 1
Guess distribution : [4]
Win % : 100.0

Number of Games Played : 1
Guess distribution : [4]
Win % : 100.0

Number of Games Played : 1
Guess distribution : [3]
Win % : 100.0

Number of Games Played : 1
Guess distribution : [4]
Win % : 100.0

Number of Games Played : 1
Guess distribution : [4]
Win % : 100.0

Number of Games Played : 1
Guess distribution : [4]
Win % : 100.0

Number of Games Played : 1
Guess distribution : [3]
Win % : 100.0

Number of Games Played : 2
Guess distribution : [3, 6]
Win % : 100.0

Number of Games Played : 3
Guess distribution : [3, 6, 'Unsuccessful']
Win % : 66.66666666666666

Number of Games Played : 1
Guess distribution : [2]
Win % : 100.0

Number of Games Played : 1
Guess distribution : [4]
Win % : 100.0

Number of Games Played : 1
Guess distribution : [4]
Win % : 100.0

Number of Games Played : 1
Guess distribution : [3]
Win % : 100.0

Number of Games Played : 1
Guess distribution : [4]
Win % : 100.0

Number of Games Played : 1
Guess distribution : [4]
Win % : 100.0

Number of Games Played : 1
Guess distribution : [5]
Win % : 100.0

Number of Games Played : 1
Guess distribution : [6]
Win % : 100.0

Number of Games Played : 1
Guess distribution : [4]
Win % : 100.0

